Determining if the pthread_create exist failed with the following output:
Change Dir: /home/smoothoperator/catkin_ws/build/CMakeFiles/CMakeTmp

Run Build Command:"/usr/bin/make" "cmTC_2fc0e/fast"
/usr/bin/make -f CMakeFiles/cmTC_2fc0e.dir/build.make CMakeFiles/cmTC_2fc0e.dir/build
make[1]: Entering directory '/home/smoothoperator/catkin_ws/build/CMakeFiles/CMakeTmp'
Building C object CMakeFiles/cmTC_2fc0e.dir/CheckSymbolExists.c.o
/usr/bin/cc    -o CMakeFiles/cmTC_2fc0e.dir/CheckSymbolExists.c.o   -c /home/smoothoperator/catkin_ws/build/CMakeFiles/CMakeTmp/CheckSymbolExists.c
Linking C executable cmTC_2fc0e
/usr/bin/cmake -E cmake_link_script CMakeFiles/cmTC_2fc0e.dir/link.txt --verbose=1
/usr/bin/cc      -rdynamic CMakeFiles/cmTC_2fc0e.dir/CheckSymbolExists.c.o  -o cmTC_2fc0e 
CMakeFiles/cmTC_2fc0e.dir/CheckSymbolExists.c.o: In function `main':
CheckSymbolExists.c:(.text+0x14): undefined reference to `pthread_create'
CheckSymbolExists.c:(.text+0x18): undefined reference to `pthread_create'
collect2: error: ld returned 1 exit status
CMakeFiles/cmTC_2fc0e.dir/build.make:97: recipe for target 'cmTC_2fc0e' failed
make[1]: *** [cmTC_2fc0e] Error 1
make[1]: Leaving directory '/home/smoothoperator/catkin_ws/build/CMakeFiles/CMakeTmp'
Makefile:126: recipe for target 'cmTC_2fc0e/fast' failed
make: *** [cmTC_2fc0e/fast] Error 2

File /home/smoothoperator/catkin_ws/build/CMakeFiles/CMakeTmp/CheckSymbolExists.c:
/* */
#include <pthread.h>

int main(int argc, char** argv)
{
  (void)argv;
#ifndef pthread_create
  return ((int*)(&pthread_create))[argc];
#else
  (void)argc;
  return 0;
#endif
}

Determining if the function pthread_create exists in the pthreads failed with the following output:
Change Dir: /home/smoothoperator/catkin_ws/build/CMakeFiles/CMakeTmp

Run Build Command:"/usr/bin/make" "cmTC_4d6a3/fast"
/usr/bin/make -f CMakeFiles/cmTC_4d6a3.dir/build.make CMakeFiles/cmTC_4d6a3.dir/build
make[1]: Entering directory '/home/smoothoperator/catkin_ws/build/CMakeFiles/CMakeTmp'
Building C object CMakeFiles/cmTC_4d6a3.dir/CheckFunctionExists.c.o
/usr/bin/cc   -DCHECK_FUNCTION_EXISTS=pthread_create   -o CMakeFiles/cmTC_4d6a3.dir/CheckFunctionExists.c.o   -c /usr/share/cmake-3.10/Modules/CheckFunctionExists.c
Linking C executable cmTC_4d6a3
/usr/bin/cmake -E cmake_link_script CMakeFiles/cmTC_4d6a3.dir/link.txt --verbose=1
/usr/bin/cc  -DCHECK_FUNCTION_EXISTS=pthread_create    -rdynamic CMakeFiles/cmTC_4d6a3.dir/CheckFunctionExists.c.o  -o cmTC_4d6a3 -lpthreads 
/usr/bin/ld: cannot find -lpthreads
collect2: error: ld returned 1 exit status
CMakeFiles/cmTC_4d6a3.dir/build.make:97: recipe for target 'cmTC_4d6a3' failed
make[1]: *** [cmTC_4d6a3] Error 1
make[1]: Leaving directory '/home/smoothoperator/catkin_ws/build/CMakeFiles/CMakeTmp'
Makefile:126: recipe for target 'cmTC_4d6a3/fast' failed
make: *** [cmTC_4d6a3/fast] Error 2


Determining if the pthread_create exist failed with the following output:
Change Dir: /home/smoothoperator/catkin_ws/build/CMakeFiles/CMakeTmp

Run Build Command:"/usr/bin/make" "cmTC_9b7aa/fast"
/usr/bin/make -f CMakeFiles/cmTC_9b7aa.dir/build.make CMakeFiles/cmTC_9b7aa.dir/build
make[1]: Entering directory '/home/smoothoperator/catkin_ws/build/CMakeFiles/CMakeTmp'
Building C object CMakeFiles/cmTC_9b7aa.dir/CheckSymbolExists.c.o
/usr/bin/cc    -o CMakeFiles/cmTC_9b7aa.dir/CheckSymbolExists.c.o   -c /home/smoothoperator/catkin_ws/build/CMakeFiles/CMakeTmp/CheckSymbolExists.c
Linking C executable cmTC_9b7aa
/usr/bin/cmake -E cmake_link_script CMakeFiles/cmTC_9b7aa.dir/link.txt --verbose=1
/usr/bin/cc      -rdynamic CMakeFiles/cmTC_9b7aa.dir/CheckSymbolExists.c.o  -o cmTC_9b7aa 
CMakeFiles/cmTC_9b7aa.dir/CheckSymbolExists.c.o: In function `main':
CheckSymbolExists.c:(.text+0x14): undefined reference to `pthread_create'
CheckSymbolExists.c:(.text+0x18): undefined reference to `pthread_create'
collect2: error: ld returned 1 exit status
CMakeFiles/cmTC_9b7aa.dir/build.make:97: recipe for target 'cmTC_9b7aa' failed
make[1]: *** [cmTC_9b7aa] Error 1
make[1]: Leaving directory '/home/smoothoperator/catkin_ws/build/CMakeFiles/CMakeTmp'
Makefile:126: recipe for target 'cmTC_9b7aa/fast' failed
make: *** [cmTC_9b7aa/fast] Error 2

File /home/smoothoperator/catkin_ws/build/CMakeFiles/CMakeTmp/CheckSymbolExists.c:
/* */
#include <pthread.h>

int main(int argc, char** argv)
{
  (void)argv;
#ifndef pthread_create
  return ((int*)(&pthread_create))[argc];
#else
  (void)argc;
  return 0;
#endif
}

Determining if the function pthread_create exists in the pthreads failed with the following output:
Change Dir: /home/smoothoperator/catkin_ws/build/CMakeFiles/CMakeTmp

Run Build Command:"/usr/bin/make" "cmTC_dd400/fast"
/usr/bin/make -f CMakeFiles/cmTC_dd400.dir/build.make CMakeFiles/cmTC_dd400.dir/build
make[1]: Entering directory '/home/smoothoperator/catkin_ws/build/CMakeFiles/CMakeTmp'
Building C object CMakeFiles/cmTC_dd400.dir/CheckFunctionExists.c.o
/usr/bin/cc   -DCHECK_FUNCTION_EXISTS=pthread_create   -o CMakeFiles/cmTC_dd400.dir/CheckFunctionExists.c.o   -c /usr/share/cmake-3.10/Modules/CheckFunctionExists.c
Linking C executable cmTC_dd400
/usr/bin/cmake -E cmake_link_script CMakeFiles/cmTC_dd400.dir/link.txt --verbose=1
/usr/bin/cc  -DCHECK_FUNCTION_EXISTS=pthread_create    -rdynamic CMakeFiles/cmTC_dd400.dir/CheckFunctionExists.c.o  -o cmTC_dd400 -lpthreads 
/usr/bin/ld: cannot find -lpthreads
collect2: error: ld returned 1 exit status
CMakeFiles/cmTC_dd400.dir/build.make:97: recipe for target 'cmTC_dd400' failed
make[1]: *** [cmTC_dd400] Error 1
make[1]: Leaving directory '/home/smoothoperator/catkin_ws/build/CMakeFiles/CMakeTmp'
Makefile:126: recipe for target 'cmTC_dd400/fast' failed
make: *** [cmTC_dd400/fast] Error 2


Determining if the pthread_create exist failed with the following output:
Change Dir: /home/smoothoperator/catkin_ws/build/CMakeFiles/CMakeTmp

Run Build Command:"/usr/bin/make" "cmTC_bc7bd/fast"
/usr/bin/make -f CMakeFiles/cmTC_bc7bd.dir/build.make CMakeFiles/cmTC_bc7bd.dir/build
make[1]: Entering directory '/home/smoothoperator/catkin_ws/build/CMakeFiles/CMakeTmp'
Building C object CMakeFiles/cmTC_bc7bd.dir/CheckSymbolExists.c.o
/usr/bin/cc    -o CMakeFiles/cmTC_bc7bd.dir/CheckSymbolExists.c.o   -c /home/smoothoperator/catkin_ws/build/CMakeFiles/CMakeTmp/CheckSymbolExists.c
Linking C executable cmTC_bc7bd
/usr/bin/cmake -E cmake_link_script CMakeFiles/cmTC_bc7bd.dir/link.txt --verbose=1
/usr/bin/cc      -rdynamic CMakeFiles/cmTC_bc7bd.dir/CheckSymbolExists.c.o  -o cmTC_bc7bd 
CMakeFiles/cmTC_bc7bd.dir/CheckSymbolExists.c.o: In function `main':
CheckSymbolExists.c:(.text+0x14): undefined reference to `pthread_create'
CheckSymbolExists.c:(.text+0x18): undefined reference to `pthread_create'
collect2: error: ld returned 1 exit status
CMakeFiles/cmTC_bc7bd.dir/build.make:97: recipe for target 'cmTC_bc7bd' failed
make[1]: *** [cmTC_bc7bd] Error 1
make[1]: Leaving directory '/home/smoothoperator/catkin_ws/build/CMakeFiles/CMakeTmp'
Makefile:126: recipe for target 'cmTC_bc7bd/fast' failed
make: *** [cmTC_bc7bd/fast] Error 2

File /home/smoothoperator/catkin_ws/build/CMakeFiles/CMakeTmp/CheckSymbolExists.c:
/* */
#include <pthread.h>

int main(int argc, char** argv)
{
  (void)argv;
#ifndef pthread_create
  return ((int*)(&pthread_create))[argc];
#else
  (void)argc;
  return 0;
#endif
}

Determining if the function pthread_create exists in the pthreads failed with the following output:
Change Dir: /home/smoothoperator/catkin_ws/build/CMakeFiles/CMakeTmp

Run Build Command:"/usr/bin/make" "cmTC_ac11f/fast"
/usr/bin/make -f CMakeFiles/cmTC_ac11f.dir/build.make CMakeFiles/cmTC_ac11f.dir/build
make[1]: Entering directory '/home/smoothoperator/catkin_ws/build/CMakeFiles/CMakeTmp'
Building C object CMakeFiles/cmTC_ac11f.dir/CheckFunctionExists.c.o
/usr/bin/cc   -DCHECK_FUNCTION_EXISTS=pthread_create   -o CMakeFiles/cmTC_ac11f.dir/CheckFunctionExists.c.o   -c /usr/share/cmake-3.10/Modules/CheckFunctionExists.c
Linking C executable cmTC_ac11f
/usr/bin/cmake -E cmake_link_script CMakeFiles/cmTC_ac11f.dir/link.txt --verbose=1
/usr/bin/cc  -DCHECK_FUNCTION_EXISTS=pthread_create    -rdynamic CMakeFiles/cmTC_ac11f.dir/CheckFunctionExists.c.o  -o cmTC_ac11f -lpthreads 
/usr/bin/ld: cannot find -lpthreads
collect2: error: ld returned 1 exit status
CMakeFiles/cmTC_ac11f.dir/build.make:97: recipe for target 'cmTC_ac11f' failed
make[1]: *** [cmTC_ac11f] Error 1
make[1]: Leaving directory '/home/smoothoperator/catkin_ws/build/CMakeFiles/CMakeTmp'
Makefile:126: recipe for target 'cmTC_ac11f/fast' failed
make: *** [cmTC_ac11f/fast] Error 2


